<?xml version="1.0" encoding="UTF-8"?>
<!-- Generated by org.testng.reporters.JUnitReportReporter -->
<testsuite hostname="SPL-120" failures="0" tests="2" name="Sahir.Mavenjava.databaseTest" time="0.005" errors="0" timestamp="2021-04-23T22:24:38 IST" skipped="0">
  <testcase classname="Sahir.Mavenjava.databaseTest" name="Database" time="0.000"/>
  <system-out/>
  <testcase classname="Sahir.Mavenjava.databaseTest" name="DataString" time="0.005"/>
  <system-out/>
</testsuite> <!-- Sahir.Mavenjava.databaseTest -->
