<?xml version="1.0" encoding="UTF-8"?>
<!-- Generated by org.testng.reporters.JUnitReportReporter -->
<testsuite hostname="SPL-120" failures="0" tests="1" name="Sahir.Mavenjava.AppTest" time="0.036" errors="0" timestamp="2021-04-23T22:24:38 IST" skipped="0">
  <testcase classname="Sahir.Mavenjava.AppTest" name="testApp" time="0.036"/>
  <system-out/>
</testsuite> <!-- Sahir.Mavenjava.AppTest -->
