<?xml version="1.0" encoding="UTF-8"?>
<!-- Generated by org.testng.reporters.JUnitReportReporter -->
<testsuite hostname="SPL-120" failures="0" tests="2" name="Sahir.Mavenjava.SizingUITest" time="0.007" errors="0" timestamp="2021-04-24T13:13:03 IST" skipped="0">
  <testcase classname="Sahir.Mavenjava.SizingUITest" name="SizingUI" time="0.006"/>
  <system-out/>
  <testcase classname="Sahir.Mavenjava.SizingUITest" name="Sizingunit" time="0.001"/>
  <system-out/>
</testsuite> <!-- Sahir.Mavenjava.SizingUITest -->
